mobile/apps/parent/app/build/intermediates/manifest_merge_blame_file/release/processReleaseMainManifest/manifest-merger-blame-release-report.txt
1<?xml version="1.0" encoding="utf-8"?>
2<manifest xmlns:android="http://schemas.android.com/apk/res/android"
3    package="com.schoolerp.parent"
4    android:versionCode="1"
5    android:versionName="1.0.0" >
6
7    <uses-sdk
7-->INJECTED
8        android:minSdkVersion="24"
8-->INJECTED
9        android:targetSdkVersion="37" />
9-->INJECTED
10
11    <uses-permission android:name="android.permission.INTERNET" />
11-->src/main/AndroidManifest.xml:4:5-67
11-->src/main/AndroidManifest.xml:4:22-64
12    <uses-permission android:name="android.permission.ACCESS_NETWORK_STATE" />
12-->src/main/AndroidManifest.xml:5:5-79
12-->src/main/AndroidManifest.xml:5:22-76
13
14    <application
14-->src/main/AndroidManifest.xml:7:5-26:19
15        android:allowBackup="false"
15-->src/main/AndroidManifest.xml:8:9-36
16        android:extractNativeLibs="false"
16-->INJECTED
17        android:icon="@mipmap/ic_launcher"
17-->src/main/AndroidManifest.xml:9:9-43
18        android:label="@string/app_name"
18-->src/main/AndroidManifest.xml:10:9-41
19        android:supportsRtl="true"
19-->src/main/AndroidManifest.xml:11:9-35
20        android:theme="@style/Theme.Parent"
20-->src/main/AndroidManifest.xml:12:9-44
21        android:usesCleartextTraffic="false" >
21-->src/main/AndroidManifest.xml:13:9-45
22        <activity
22-->src/main/AndroidManifest.xml:15:9-25:20
23            android:name="com.schoolerp.parent.MainActivity"
23-->src/main/AndroidManifest.xml:16:13-41
24            android:configChanges="orientation|screenSize|keyboardHidden|uiMode"
24-->src/main/AndroidManifest.xml:18:13-81
25            android:exported="true"
25-->src/main/AndroidManifest.xml:17:13-36
26            android:theme="@style/Theme.Parent"
26-->src/main/AndroidManifest.xml:20:13-48
27            android:windowSoftInputMode="adjustResize" >
27-->src/main/AndroidManifest.xml:19:13-55
28            <intent-filter>
28-->src/main/AndroidManifest.xml:21:13-24:29
29                <action android:name="android.intent.action.MAIN" />
29-->src/main/AndroidManifest.xml:22:17-69
29-->src/main/AndroidManifest.xml:22:25-66
30
31                <category android:name="android.intent.category.LAUNCHER" />
31-->src/main/AndroidManifest.xml:23:17-77
31-->src/main/AndroidManifest.xml:23:27-74
32            </intent-filter>
33        </activity>
34    </application>
35
36</manifest>